<?xml version="1.0" encoding="UTF-8"?>
<!DOCTYPE coverage SYSTEM "https://raw.githubusercontent.com/cobertura/cobertura/master/cobertura/src/site/htdocs/xml/coverage-04.dtd">
<coverage line-rate="0.721023987099375" branch-rate="0" lines-covered="3577" lines-valid="4961" branches-covered="0" branches-valid="0" complexity="0" version="3.6.4" timestamp="2024-10-10 22:11:11.914778">
  <sources>
    <source>/__w/glmBfp/glmBfp/glmBfp</source>
  </sources>
  <packages>
    <package name="glmBfp" line-rate="0.721023987099375" branch-rate="0" complexity="0">
      <classes>
        <class name="computeModels.R" filename="R/computeModels.R" line-rate="0" branch-rate="0" complexity="0">
          <methods>
            <method name="computeModels" signature="" line-rate="0" branch-rate="0" complexity="0">
              <lines>
                <line number="44" hits="0" branch="false"/>
                <line number="45" hits="0" branch="false"/>
                <line number="46" hits="0" branch="false"/>
                <line number="47" hits="0" branch="false"/>
                <line number="48" hits="0" branch="false"/>
                <line number="49" hits="0" branch="false"/>
                <line number="52" hits="0" branch="false"/>
                <line number="55" hits="0" branch="false"/>
                <line number="56" hits="0" branch="false"/>
                <line number="64" hits="0" branch="false"/>
                <line number="67" hits="0" branch="false"/>
                <line number="70" hits="0" branch="false"/>
                <line number="71" hits="0" branch="false"/>
                <line number="72" hits="0" branch="false"/>
                <line number="73" hits="0" branch="false"/>
                <line number="74" hits="0" branch="false"/>
                <line number="75" hits="0" branch="false"/>
                <line number="76" hits="0" branch="false"/>
                <line number="77" hits="0" branch="false"/>
                <line number="78" hits="0" branch="false"/>
                <line number="87" hits="0" branch="false"/>
                <line number="88" hits="0" branch="false"/>
                <line number="89" hits="0" branch="false"/>
                <line number="90" hits="0" branch="false"/>
                <line number="93" hits="0" branch="false"/>
                <line number="96" hits="0" branch="false"/>
              </lines>
            </method>
          </methods>
          <lines>
            <line number="44" hits="0" branch="false"/>
            <line number="45" hits="0" branch="false"/>
            <line number="46" hits="0" branch="false"/>
            <line number="47" hits="0" branch="false"/>
            <line number="48" hits="0" branch="false"/>
            <line number="49" hits="0" branch="false"/>
            <line number="52" hits="0" branch="false"/>
            <line number="55" hits="0" branch="false"/>
            <line number="56" hits="0" branch="false"/>
            <line number="64" hits="0" branch="false"/>
            <line number="67" hits="0" branch="false"/>
            <line number="70" hits="0" branch="false"/>
            <line number="71" hits="0" branch="false"/>
            <line number="72" hits="0" branch="false"/>
            <line number="73" hits="0" branch="false"/>
            <line number="74" hits="0" branch="false"/>
            <line number="75" hits="0" branch="false"/>
            <line number="76" hits="0" branch="false"/>
            <line number="77" hits="0" branch="false"/>
            <line number="78" hits="0" branch="false"/>
            <line number="87" hits="0" branch="false"/>
            <line number="88" hits="0" branch="false"/>
            <line number="89" hits="0" branch="false"/>
            <line number="90" hits="0" branch="false"/>
            <line number="93" hits="0" branch="false"/>
            <line number="96" hits="0" branch="false"/>
          </lines>
        </class>
        <class name="constructNewdataMatrix.R" filename="R/constructNewdataMatrix.R" line-rate="0.909090909090909" branch-rate="0" complexity="0">
          <methods>
            <method name="constructNewdataMatrix" signature="" line-rate="0.909090909090909" branch-rate="0" complexity="0">
              <lines>
                <line number="31" hits="3" branch="false"/>
                <line number="34" hits="3" branch="false"/>
                <line number="35" hits="3" branch="false"/>
                <line number="38" hits="3" branch="false"/>
                <line number="39" hits="3" branch="false"/>
                <line number="42" hits="3" branch="false"/>
                <line number="45" hits="3" branch="false"/>
                <line number="47" hits="4" branch="false"/>
                <line number="50" hits="4" branch="false"/>
                <line number="51" hits="0" branch="false"/>
                <line number="56" hits="3" branch="false"/>
              </lines>
            </method>
          </methods>
          <lines>
            <line number="31" hits="3" branch="false"/>
            <line number="34" hits="3" branch="false"/>
            <line number="35" hits="3" branch="false"/>
            <line number="38" hits="3" branch="false"/>
            <line number="39" hits="3" branch="false"/>
            <line number="42" hits="3" branch="false"/>
            <line number="45" hits="3" branch="false"/>
            <line number="47" hits="4" branch="false"/>
            <line number="50" hits="4" branch="false"/>
            <line number="51" hits="0" branch="false"/>
            <line number="56" hits="3" branch="false"/>
          </lines>
        </class>
        <class name="coxTBF.R" filename="R/coxTBF.R" line-rate="0.884272997032641" branch-rate="0" complexity="0">
          <methods>
            <method name="coxTBF" signature="" line-rate="0.884272997032641" branch-rate="0" complexity="0">
              <lines>
                <line number="54" hits="10" branch="false"/>
                <line number="56" hits="10" branch="false"/>
                <line number="57" hits="10" branch="false"/>
                <line number="58" hits="10" branch="false"/>
                <line number="60" hits="10" branch="false"/>
                <line number="61" hits="10" branch="false"/>
                <line number="62" hits="10" branch="false"/>
                <line number="63" hits="10" branch="false"/>
                <line number="64" hits="10" branch="false"/>
                <line number="65" hits="10" branch="false"/>
                <line number="66" hits="10" branch="false"/>
                <line number="67" hits="10" branch="false"/>
                <line number="69" hits="10" branch="false"/>
                <line number="70" hits="10" branch="false"/>
                <line number="73" hits="10" branch="false"/>
                <line number="75" hits="10" branch="false"/>
                <line number="76" hits="10" branch="false"/>
                <line number="77" hits="10" branch="false"/>
                <line number="82" hits="10" branch="false"/>
                <line number="83" hits="1" branch="false"/>
                <line number="85" hits="1" branch="false"/>
                <line number="86" hits="1" branch="false"/>
                <line number="87" hits="1" branch="false"/>
                <line number="88" hits="1" branch="false"/>
                <line number="89" hits="1" branch="false"/>
                <line number="90" hits="1" branch="false"/>
                <line number="91" hits="1" branch="false"/>
                <line number="92" hits="1" branch="false"/>
                <line number="93" hits="1" branch="false"/>
                <line number="94" hits="1" branch="false"/>
                <line number="96" hits="1" branch="false"/>
                <line number="97" hits="1" branch="false"/>
                <line number="98" hits="1" branch="false"/>
                <line number="100" hits="1" branch="false"/>
                <line number="101" hits="1" branch="false"/>
                <line number="102" hits="1" branch="false"/>
                <line number="103" hits="1" branch="false"/>
                <line number="104" hits="1" branch="false"/>
                <line number="106" hits="1" branch="false"/>
                <line number="108" hits="1" branch="false"/>
                <line number="110" hits="1" branch="false"/>
                <line number="111" hits="1" branch="false"/>
                <line number="116" hits="10" branch="false"/>
                <line number="117" hits="10" branch="false"/>
                <line number="118" hits="10" branch="false"/>
                <line number="119" hits="10" branch="false"/>
                <line number="120" hits="10" branch="false"/>
                <line number="121" hits="10" branch="false"/>
                <line number="122" hits="10" branch="false"/>
                <line number="123" hits="10" branch="false"/>
                <line number="124" hits="10" branch="false"/>
                <line number="126" hits="10" branch="false"/>
                <line number="128" hits="2" branch="false"/>
                <line number="130" hits="10" branch="false"/>
                <line number="131" hits="1" branch="false"/>
                <line number="135" hits="10" branch="false"/>
                <line number="136" hits="6" branch="false"/>
                <line number="137" hits="6" branch="false"/>
                <line number="142" hits="10" branch="false"/>
                <line number="144" hits="10" branch="false"/>
                <line number="146" hits="10" branch="false"/>
                <line number="147" hits="1" branch="false"/>
                <line number="148" hits="1" branch="false"/>
                <line number="149" hits="1" branch="false"/>
                <line number="153" hits="10" branch="false"/>
                <line number="154" hits="1" branch="false"/>
                <line number="155" hits="1" branch="false"/>
                <line number="158" hits="1" branch="false"/>
                <line number="160" hits="1" branch="false"/>
                <line number="161" hits="1" branch="false"/>
                <line number="162" hits="1" branch="false"/>
                <line number="163" hits="1" branch="false"/>
                <line number="164" hits="1" branch="false"/>
                <line number="166" hits="1" branch="false"/>
                <line number="170" hits="1" branch="false"/>
                <line number="180" hits="1" branch="false"/>
                <line number="183" hits="1" branch="false"/>
                <line number="184" hits="1" branch="false"/>
                <line number="185" hits="1" branch="false"/>
                <line number="186" hits="1" branch="false"/>
                <line number="188" hits="1" branch="false"/>
                <line number="193" hits="0" branch="false"/>
                <line number="195" hits="1" branch="false"/>
                <line number="198" hits="1" branch="false"/>
                <line number="199" hits="0" branch="false"/>
                <line number="204" hits="1" branch="false"/>
                <line number="205" hits="0" branch="false"/>
                <line number="206" hits="0" branch="false"/>
                <line number="208" hits="1" branch="false"/>
                <line number="211" hits="1" branch="false"/>
                <line number="212" hits="1" branch="false"/>
                <line number="214" hits="1" branch="false"/>
                <line number="215" hits="0" branch="false"/>
                <line number="218" hits="1" branch="false"/>
                <line number="219" hits="1" branch="false"/>
                <line number="221" hits="1" branch="false"/>
                <line number="230" hits="10" branch="false"/>
                <line number="231" hits="7" branch="false"/>
                <line number="234" hits="7" branch="false"/>
                <line number="235" hits="0" branch="false"/>
                <line number="237" hits="0" branch="false"/>
                <line number="238" hits="0" branch="false"/>
                <line number="240" hits="3" branch="false"/>
                <line number="242" hits="1" branch="false"/>
                <line number="244" hits="1" branch="false"/>
                <line number="245" hits="1" branch="false"/>
                <line number="246" hits="1" branch="false"/>
                <line number="248" hits="0" branch="false"/>
                <line number="249" hits="0" branch="false"/>
                <line number="250" hits="0" branch="false"/>
                <line number="252" hits="0" branch="false"/>
                <line number="253" hits="0" branch="false"/>
                <line number="256" hits="1" branch="false"/>
                <line number="258" hits="2" branch="false"/>
                <line number="260" hits="1" branch="false"/>
                <line number="261" hits="1" branch="false"/>
                <line number="262" hits="1" branch="false"/>
                <line number="263" hits="1" branch="false"/>
                <line number="265" hits="1" branch="false"/>
                <line number="266" hits="1" branch="false"/>
                <line number="267" hits="1" branch="false"/>
                <line number="268" hits="1" branch="false"/>
                <line number="271" hits="1" branch="false"/>
                <line number="273" hits="1" branch="false"/>
                <line number="274" hits="1" branch="false"/>
                <line number="276" hits="1" branch="false"/>
                <line number="277" hits="1" branch="false"/>
                <line number="278" hits="1" branch="false"/>
                <line number="279" hits="1" branch="false"/>
                <line number="280" hits="1" branch="false"/>
                <line number="282" hits="1" branch="false"/>
                <line number="284" hits="1" branch="false"/>
                <line number="285" hits="1" branch="false"/>
                <line number="286" hits="1" branch="false"/>
                <line number="287" hits="1" branch="false"/>
                <line number="290" hits="1" branch="false"/>
                <line number="291" hits="1" branch="false"/>
                <line number="292" hits="1" branch="false"/>
                <line number="294" hits="1" branch="false"/>
                <line number="295" hits="1" branch="false"/>
                <line number="296" hits="1" branch="false"/>
                <line number="297" hits="1" branch="false"/>
                <line number="298" hits="1" branch="false"/>
                <line number="299" hits="1" branch="false"/>
                <line number="300" hits="1" branch="false"/>
                <line number="301" hits="1" branch="false"/>
                <line number="302" hits="1" branch="false"/>
                <line number="304" hits="1" branch="false"/>
                <line number="305" hits="0" branch="false"/>
                <line number="307" hits="0" branch="false"/>
                <line number="308" hits="0" branch="false"/>
                <line number="309" hits="0" branch="false"/>
                <line number="310" hits="0" branch="false"/>
                <line number="312" hits="0" branch="false"/>
                <line number="315" hits="1" branch="false"/>
                <line number="317" hits="1" branch="false"/>
                <line number="318" hits="1" branch="false"/>
                <line number="320" hits="1" branch="false"/>
                <line number="325" hits="1" branch="false"/>
                <line number="327" hits="1" branch="false"/>
                <line number="328" hits="0" branch="false"/>
                <line number="329" hits="0" branch="false"/>
                <line number="330" hits="0" branch="false"/>
                <line number="332" hits="0" branch="false"/>
                <line number="333" hits="0" branch="false"/>
                <line number="334" hits="0" branch="false"/>
                <line number="338" hits="1" branch="false"/>
                <line number="339" hits="1" branch="false"/>
                <line number="340" hits="0" branch="false"/>
                <line number="342" hits="1" branch="false"/>
                <line number="344" hits="1" branch="false"/>
                <line number="346" hits="1" branch="false"/>
                <line number="350" hits="1" branch="false"/>
                <line number="351" hits="0" branch="false"/>
                <line number="352" hits="1" branch="false"/>
                <line number="360" hits="1" branch="false"/>
                <line number="362" hits="1" branch="false"/>
                <line number="363" hits="1" branch="false"/>
                <line number="364" hits="1" branch="false"/>
                <line number="365" hits="1" branch="false"/>
                <line number="368" hits="1" branch="false"/>
                <line number="369" hits="0" branch="false"/>
                <line number="370" hits="1" branch="false"/>
                <line number="371" hits="1" branch="false"/>
                <line number="372" hits="1" branch="false"/>
                <line number="373" hits="1" branch="false"/>
                <line number="376" hits="1" branch="false"/>
                <line number="377" hits="1" branch="false"/>
                <line number="378" hits="1" branch="false"/>
                <line number="379" hits="1" branch="false"/>
                <line number="380" hits="1" branch="false"/>
                <line number="381" hits="1" branch="false"/>
                <line number="382" hits="1" branch="false"/>
                <line number="385" hits="1" branch="false"/>
                <line number="386" hits="1" branch="false"/>
                <line number="388" hits="1" branch="false"/>
                <line number="389" hits="0" branch="false"/>
                <line number="391" hits="1" branch="false"/>
                <line number="395" hits="1" branch="false"/>
                <line number="398" hits="1" branch="false"/>
                <line number="399" hits="1" branch="false"/>
                <line number="401" hits="1" branch="false"/>
                <line number="403" hits="1" branch="false"/>
                <line number="405" hits="1" branch="false"/>
                <line number="414" hits="1" branch="false"/>
                <line number="419" hits="1" branch="false"/>
                <line number="421" hits="1" branch="false"/>
                <line number="422" hits="1" branch="false"/>
                <line number="423" hits="1" branch="false"/>
                <line number="424" hits="1" branch="false"/>
                <line number="425" hits="1" branch="false"/>
                <line number="427" hits="1" branch="false"/>
                <line number="429" hits="1" branch="false"/>
                <line number="430" hits="1" branch="false"/>
                <line number="431" hits="1" branch="false"/>
                <line number="432" hits="1" branch="false"/>
                <line number="434" hits="1" branch="false"/>
                <line number="435" hits="1" branch="false"/>
                <line number="436" hits="1" branch="false"/>
                <line number="437" hits="1" branch="false"/>
                <line number="438" hits="1" branch="false"/>
                <line number="439" hits="1" branch="false"/>
                <line number="440" hits="1" branch="false"/>
                <line number="441" hits="1" branch="false"/>
                <line number="443" hits="1" branch="false"/>
                <line number="444" hits="0" branch="false"/>
                <line number="447" hits="1" branch="false"/>
                <line number="449" hits="1" branch="false"/>
                <line number="450" hits="1" branch="false"/>
                <line number="452" hits="1" branch="false"/>
                <line number="453" hits="1" branch="false"/>
                <line number="454" hits="1" branch="false"/>
                <line number="455" hits="1" branch="false"/>
                <line number="456" hits="0" branch="false"/>
                <line number="458" hits="1" branch="false"/>
                <line number="460" hits="1" branch="false"/>
                <line number="466" hits="1" branch="false"/>
                <line number="469" hits="1" branch="false"/>
                <line number="470" hits="1" branch="false"/>
                <line number="471" hits="1" branch="false"/>
                <line number="472" hits="1" branch="false"/>
                <line number="473" hits="1" branch="false"/>
                <line number="474" hits="1" branch="false"/>
                <line number="475" hits="1" branch="false"/>
                <line number="476" hits="1" branch="false"/>
                <line number="477" hits="1" branch="false"/>
                <line number="480" hits="1" branch="false"/>
                <line number="481" hits="1" branch="false"/>
                <line number="482" hits="1" branch="false"/>
                <line number="483" hits="1" branch="false"/>
                <line number="487" hits="8" branch="false"/>
                <line number="488" hits="6" branch="false"/>
                <line number="490" hits="8" branch="false"/>
                <line number="492" hits="8" branch="false"/>
                <line number="493" hits="8" branch="false"/>
                <line number="494" hits="8" branch="false"/>
                <line number="495" hits="8" branch="false"/>
                <line number="496" hits="8" branch="false"/>
                <line number="498" hits="8" branch="false"/>
                <line number="500" hits="8" branch="false"/>
                <line number="501" hits="8" branch="false"/>
                <line number="502" hits="8" branch="false"/>
                <line number="503" hits="8" branch="false"/>
                <line number="506" hits="8" branch="false"/>
                <line number="507" hits="7" branch="false"/>
                <line number="508" hits="7" branch="false"/>
                <line number="509" hits="7" branch="false"/>
                <line number="510" hits="7" branch="false"/>
                <line number="511" hits="7" branch="false"/>
                <line number="512" hits="7" branch="false"/>
                <line number="513" hits="7" branch="false"/>
                <line number="514" hits="7" branch="false"/>
                <line number="515" hits="7" branch="false"/>
                <line number="516" hits="7" branch="false"/>
                <line number="517" hits="7" branch="false"/>
                <line number="518" hits="7" branch="false"/>
                <line number="519" hits="7" branch="false"/>
                <line number="521" hits="7" branch="false"/>
                <line number="523" hits="7" branch="false"/>
                <line number="524" hits="7" branch="false"/>
                <line number="525" hits="7" branch="false"/>
                <line number="526" hits="7" branch="false"/>
                <line number="527" hits="7" branch="false"/>
                <line number="528" hits="7" branch="false"/>
                <line number="529" hits="2" branch="false"/>
                <line number="531" hits="7" branch="false"/>
                <line number="533" hits="7" branch="false"/>
                <line number="534" hits="7" branch="false"/>
                <line number="536" hits="7" branch="false"/>
                <line number="537" hits="7" branch="false"/>
                <line number="538" hits="7" branch="false"/>
                <line number="539" hits="7" branch="false"/>
                <line number="540" hits="0" branch="false"/>
                <line number="542" hits="7" branch="false"/>
                <line number="544" hits="7" branch="false"/>
                <line number="545" hits="0" branch="false"/>
                <line number="546" hits="0" branch="false"/>
                <line number="549" hits="7" branch="false"/>
                <line number="550" hits="7" branch="false"/>
                <line number="554" hits="1" branch="false"/>
                <line number="555" hits="1" branch="false"/>
                <line number="556" hits="1" branch="false"/>
                <line number="557" hits="1" branch="false"/>
                <line number="558" hits="1" branch="false"/>
                <line number="559" hits="1" branch="false"/>
                <line number="560" hits="1" branch="false"/>
                <line number="561" hits="1" branch="false"/>
                <line number="562" hits="1" branch="false"/>
                <line number="563" hits="1" branch="false"/>
                <line number="564" hits="1" branch="false"/>
                <line number="565" hits="1" branch="false"/>
                <line number="566" hits="1" branch="false"/>
                <line number="567" hits="1" branch="false"/>
                <line number="569" hits="1" branch="false"/>
                <line number="571" hits="1" branch="false"/>
                <line number="573" hits="1" branch="false"/>
                <line number="574" hits="1" branch="false"/>
                <line number="576" hits="1" branch="false"/>
                <line number="577" hits="0" branch="false"/>
                <line number="579" hits="1" branch="false"/>
                <line number="580" hits="1" branch="false"/>
                <line number="583" hits="1" branch="false"/>
                <line number="585" hits="1" branch="false"/>
                <line number="586" hits="1" branch="false"/>
                <line number="588" hits="1" branch="false"/>
                <line number="589" hits="200" branch="false"/>
                <line number="590" hits="200" branch="false"/>
                <line number="591" hits="200" branch="false"/>
                <line number="592" hits="200" branch="false"/>
                <line number="593" hits="0" branch="false"/>
                <line number="595" hits="200" branch="false"/>
                <line number="597" hits="200" branch="false"/>
                <line number="599" hits="0" branch="false"/>
                <line number="600" hits="0" branch="false"/>
                <line number="601" hits="0" branch="false"/>
                <line number="605" hits="1" branch="false"/>
                <line number="606" hits="1" branch="false"/>
              </lines>
            </method>
          </methods>
          <lines>
            <line number="54" hits="10" branch="false"/>
            <line number="56" hits="10" branch="false"/>
            <line number="57" hits="10" branch="false"/>
            <line number="58" hits="10" branch="false"/>
            <line number="60" hits="10" branch="false"/>
            <line number="61" hits="10" branch="false"/>
            <line number="62" hits="10" branch="false"/>
            <line number="63" hits="10" branch="false"/>
            <line number="64" hits="10" branch="false"/>
            <line number="65" hits="10" branch="false"/>
            <line number="66" hits="10" branch="false"/>
            <line number="67" hits="10" branch="false"/>
            <line number="69" hits="10" branch="false"/>
            <line number="70" hits="10" branch="false"/>
            <line number="73" hits="10" branch="false"/>
            <line number="75" hits="10" branch="false"/>
            <line number="76" hits="10" branch="false"/>
            <line number="77" hits="10" branch="false"/>
            <line number="82" hits="10" branch="false"/>
            <line number="83" hits="1" branch="false"/>
            <line number="85" hits="1" branch="false"/>
            <line number="86" hits="1" branch="false"/>
            <line number="87" hits="1" branch="false"/>
            <line number="88" hits="1" branch="false"/>
            <line number="89" hits="1" branch="false"/>
            <line number="90" hits="1" branch="false"/>
            <line number="91" hits="1" branch="false"/>
            <line number="92" hits="1" branch="false"/>
            <line number="93" hits="1" branch="false"/>
            <line number="94" hits="1" branch="false"/>
            <line number="96" hits="1" branch="false"/>
            <line number="97" hits="1" branch="false"/>
            <line number="98" hits="1" branch="false"/>
            <line number="100" hits="1" branch="false"/>
            <line number="101" hits="1" branch="false"/>
            <line number="102" hits="1" branch="false"/>
            <line number="103" hits="1" branch="false"/>
            <line number="104" hits="1" branch="false"/>
            <line number="106" hits="1" branch="false"/>
            <line number="108" hits="1" branch="false"/>
            <line number="110" hits="1" branch="false"/>
            <line number="111" hits="1" branch="false"/>
            <line number="116" hits="10" branch="false"/>
            <line number="117" hits="10" branch="false"/>
            <line number="118" hits="10" branch="false"/>
            <line number="119" hits="10" branch="false"/>
            <line number="120" hits="10" branch="false"/>
            <line number="121" hits="10" branch="false"/>
            <line number="122" hits="10" branch="false"/>
            <line number="123" hits="10" branch="false"/>
            <line number="124" hits="10" branch="false"/>
            <line number="126" hits="10" branch="false"/>
            <line number="128" hits="2" branch="false"/>
            <line number="130" hits="10" branch="false"/>
            <line number="131" hits="1" branch="false"/>
            <line number="135" hits="10" branch="false"/>
            <line number="136" hits="6" branch="false"/>
            <line number="137" hits="6" branch="false"/>
            <line number="142" hits="10" branch="false"/>
            <line number="144" hits="10" branch="false"/>
            <line number="146" hits="10" branch="false"/>
            <line number="147" hits="1" branch="false"/>
            <line number="148" hits="1" branch="false"/>
            <line number="149" hits="1" branch="false"/>
            <line number="153" hits="10" branch="false"/>
            <line number="154" hits="1" branch="false"/>
            <line number="155" hits="1" branch="false"/>
            <line number="158" hits="1" branch="false"/>
            <line number="160" hits="1" branch="false"/>
            <line number="161" hits="1" branch="false"/>
            <line number="162" hits="1" branch="false"/>
            <line number="163" hits="1" branch="false"/>
            <line number="164" hits="1" branch="false"/>
            <line number="166" hits="1" branch="false"/>
            <line number="170" hits="1" branch="false"/>
            <line number="180" hits="1" branch="false"/>
            <line number="183" hits="1" branch="false"/>
            <line number="184" hits="1" branch="false"/>
            <line number="185" hits="1" branch="false"/>
            <line number="186" hits="1" branch="false"/>
            <line number="188" hits="1" branch="false"/>
            <line number="193" hits="0" branch="false"/>
            <line number="195" hits="1" branch="false"/>
            <line number="198" hits="1" branch="false"/>
            <line number="199" hits="0" branch="false"/>
            <line number="204" hits="1" branch="false"/>
            <line number="205" hits="0" branch="false"/>
            <line number="206" hits="0" branch="false"/>
            <line number="208" hits="1" branch="false"/>
            <line number="211" hits="1" branch="false"/>
            <line number="212" hits="1" branch="false"/>
            <line number="214" hits="1" branch="false"/>
            <line number="215" hits="0" branch="false"/>
            <line number="218" hits="1" branch="false"/>
            <line number="219" hits="1" branch="false"/>
            <line number="221" hits="1" branch="false"/>
            <line number="230" hits="10" branch="false"/>
            <line number="231" hits="7" branch="false"/>
            <line number="234" hits="7" branch="false"/>
            <line number="235" hits="0" branch="false"/>
            <line number="237" hits="0" branch="false"/>
            <line number="238" hits="0" branch="false"/>
            <line number="240" hits="3" branch="false"/>
            <line number="242" hits="1" branch="false"/>
            <line number="244" hits="1" branch="false"/>
            <line number="245" hits="1" branch="false"/>
            <line number="246" hits="1" branch="false"/>
            <line number="248" hits="0" branch="false"/>
            <line number="249" hits="0" branch="false"/>
            <line number="250" hits="0" branch="false"/>
            <line number="252" hits="0" branch="false"/>
            <line number="253" hits="0" branch="false"/>
            <line number="256" hits="1" branch="false"/>
            <line number="258" hits="2" branch="false"/>
            <line number="260" hits="1" branch="false"/>
            <line number="261" hits="1" branch="false"/>
            <line number="262" hits="1" branch="false"/>
            <line number="263" hits="1" branch="false"/>
            <line number="265" hits="1" branch="false"/>
            <line number="266" hits="1" branch="false"/>
            <line number="267" hits="1" branch="false"/>
            <line number="268" hits="1" branch="false"/>
            <line number="271" hits="1" branch="false"/>
            <line number="273" hits="1" branch="false"/>
            <line number="274" hits="1" branch="false"/>
            <line number="276" hits="1" branch="false"/>
            <line number="277" hits="1" branch="false"/>
            <line number="278" hits="1" branch="false"/>
            <line number="279" hits="1" branch="false"/>
            <line number="280" hits="1" branch="false"/>
            <line number="282" hits="1" branch="false"/>
            <line number="284" hits="1" branch="false"/>
            <line number="285" hits="1" branch="false"/>
            <line number="286" hits="1" branch="false"/>
            <line number="287" hits="1" branch="false"/>
            <line number="290" hits="1" branch="false"/>
            <line number="291" hits="1" branch="false"/>
            <line number="292" hits="1" branch="false"/>
            <line number="294" hits="1" branch="false"/>
            <line number="295" hits="1" branch="false"/>
            <line number="296" hits="1" branch="false"/>
            <line number="297" hits="1" branch="false"/>
            <line number="298" hits="1" branch="false"/>
            <line number="299" hits="1" branch="false"/>
            <line number="300" hits="1" branch="false"/>
            <line number="301" hits="1" branch="false"/>
            <line number="302" hits="1" branch="false"/>
            <line number="304" hits="1" branch="false"/>
            <line number="305" hits="0" branch="false"/>
            <line number="307" hits="0" branch="false"/>
            <line number="308" hits="0" branch="false"/>
            <line number="309" hits="0" branch="false"/>
            <line number="310" hits="0" branch="false"/>
            <line number="312" hits="0" branch="false"/>
            <line number="315" hits="1" branch="false"/>
            <line number="317" hits="1" branch="false"/>
            <line number="318" hits="1" branch="false"/>
            <line number="320" hits="1" branch="false"/>
            <line number="325" hits="1" branch="false"/>
            <line number="327" hits="1" branch="false"/>
            <line number="328" hits="0" branch="false"/>
            <line number="329" hits="0" branch="false"/>
            <line number="330" hits="0" branch="false"/>
            <line number="332" hits="0" branch="false"/>
            <line number="333" hits="0" branch="false"/>
            <line number="334" hits="0" branch="false"/>
            <line number="338" hits="1" branch="false"/>
            <line number="339" hits="1" branch="false"/>
            <line number="340" hits="0" branch="false"/>
            <line number="342" hits="1" branch="false"/>
            <line number="344" hits="1" branch="false"/>
            <line number="346" hits="1" branch="false"/>
            <line number="350" hits="1" branch="false"/>
            <line number="351" hits="0" branch="false"/>
            <line number="352" hits="1" branch="false"/>
            <line number="360" hits="1" branch="false"/>
            <line number="362" hits="1" branch="false"/>
            <line number="363" hits="1" branch="false"/>
            <line number="364" hits="1" branch="false"/>
            <line number="365" hits="1" branch="false"/>
            <line number="368" hits="1" branch="false"/>
            <line number="369" hits="0" branch="false"/>
            <line number="370" hits="1" branch="false"/>
            <line number="371" hits="1" branch="false"/>
            <line number="372" hits="1" branch="false"/>
            <line number="373" hits="1" branch="false"/>
            <line number="376" hits="1" branch="false"/>
            <line number="377" hits="1" branch="false"/>
            <line number="378" hits="1" branch="false"/>
            <line number="379" hits="1" branch="false"/>
            <line number="380" hits="1" branch="false"/>
            <line number="381" hits="1" branch="false"/>
            <line number="382" hits="1" branch="false"/>
            <line number="385" hits="1" branch="false"/>
            <line number="386" hits="1" branch="false"/>
            <line number="388" hits="1" branch="false"/>
            <line number="389" hits="0" branch="false"/>
            <line number="391" hits="1" branch="false"/>
            <line number="395" hits="1" branch="false"/>
            <line number="398" hits="1" branch="false"/>
            <line number="399" hits="1" branch="false"/>
            <line number="401" hits="1" branch="false"/>
            <line number="403" hits="1" branch="false"/>
            <line number="405" hits="1" branch="false"/>
            <line number="414" hits="1" branch="false"/>
            <line number="419" hits="1" branch="false"/>
            <line number="421" hits="1" branch="false"/>
            <line number="422" hits="1" branch="false"/>
            <line number="423" hits="1" branch="false"/>
            <line number="424" hits="1" branch="false"/>
            <line number="425" hits="1" branch="false"/>
            <line number="427" hits="1" branch="false"/>
            <line number="429" hits="1" branch="false"/>
            <line number="430" hits="1" branch="false"/>
            <line number="431" hits="1" branch="false"/>
            <line number="432" hits="1" branch="false"/>
            <line number="434" hits="1" branch="false"/>
            <line number="435" hits="1" branch="false"/>
            <line number="436" hits="1" branch="false"/>
            <line number="437" hits="1" branch="false"/>
            <line number="438" hits="1" branch="false"/>
            <line number="439" hits="1" branch="false"/>
            <line number="440" hits="1" branch="false"/>
            <line number="441" hits="1" branch="false"/>
            <line number="443" hits="1" branch="false"/>
            <line number="444" hits="0" branch="false"/>
            <line number="447" hits="1" branch="false"/>
            <line number="449" hits="1" branch="false"/>
            <line number="450" hits="1" branch="false"/>
            <line number="452" hits="1" branch="false"/>
            <line number="453" hits="1" branch="false"/>
            <line number="454" hits="1" branch="false"/>
            <line number="455" hits="1" branch="false"/>
            <line number="456" hits="0" branch="false"/>
            <line number="458" hits="1" branch="false"/>
            <line number="460" hits="1" branch="false"/>
            <line number="466" hits="1" branch="false"/>
            <line number="469" hits="1" branch="false"/>
            <line number="470" hits="1" branch="false"/>
            <line number="471" hits="1" branch="false"/>
            <line number="472" hits="1" branch="false"/>
            <line number="473" hits="1" branch="false"/>
            <line number="474" hits="1" branch="false"/>
            <line number="475" hits="1" branch="false"/>
            <line number="476" hits="1" branch="false"/>
            <line number="477" hits="1" branch="false"/>
            <line number="480" hits="1" branch="false"/>
            <line number="481" hits="1" branch="false"/>
            <line number="482" hits="1" branch="false"/>
            <line number="483" hits="1" branch="false"/>
            <line number="487" hits="8" branch="false"/>
            <line number="488" hits="6" branch="false"/>
            <line number="490" hits="8" branch="false"/>
            <line number="492" hits="8" branch="false"/>
            <line number="493" hits="8" branch="false"/>
            <line number="494" hits="8" branch="false"/>
            <line number="495" hits="8" branch="false"/>
            <line number="496" hits="8" branch="false"/>
            <line number="498" hits="8" branch="false"/>
            <line number="500" hits="8" branch="false"/>
            <line number="501" hits="8" branch="false"/>
            <line number="502" hits="8" branch="false"/>
            <line number="503" hits="8" branch="false"/>
            <line number="506" hits="8" branch="false"/>
            <line number="507" hits="7" branch="false"/>
            <line number="508" hits="7" branch="false"/>
            <line number="509" hits="7" branch="false"/>
            <line number="510" hits="7" branch="false"/>
            <line number="511" hits="7" branch="false"/>
            <line number="512" hits="7" branch="false"/>
            <line number="513" hits="7" branch="false"/>
            <line number="514" hits="7" branch="false"/>
            <line number="515" hits="7" branch="false"/>
            <line number="516" hits="7" branch="false"/>
            <line number="517" hits="7" branch="false"/>
            <line number="518" hits="7" branch="false"/>
            <line number="519" hits="7" branch="false"/>
            <line number="521" hits="7" branch="false"/>
            <line number="523" hits="7" branch="false"/>
            <line number="524" hits="7" branch="false"/>
            <line number="525" hits="7" branch="false"/>
            <line number="526" hits="7" branch="false"/>
            <line number="527" hits="7" branch="false"/>
            <line number="528" hits="7" branch="false"/>
            <line number="529" hits="2" branch="false"/>
            <line number="531" hits="7" branch="false"/>
            <line number="533" hits="7" branch="false"/>
            <line number="534" hits="7" branch="false"/>
            <line number="536" hits="7" branch="false"/>
            <line number="537" hits="7" branch="false"/>
            <line number="538" hits="7" branch="false"/>
            <line number="539" hits="7" branch="false"/>
            <line number="540" hits="0" branch="false"/>
            <line number="542" hits="7" branch="false"/>
            <line number="544" hits="7" branch="false"/>
            <line number="545" hits="0" branch="false"/>
            <line number="546" hits="0" branch="false"/>
            <line number="549" hits="7" branch="false"/>
            <line number="550" hits="7" branch="false"/>
            <line number="554" hits="1" branch="false"/>
            <line number="555" hits="1" branch="false"/>
            <line number="556" hits="1" branch="false"/>
            <line number="557" hits="1" branch="false"/>
            <line number="558" hits="1" branch="false"/>
            <line number="559" hits="1" branch="false"/>
            <line number="560" hits="1" branch="false"/>
            <line number="561" hits="1" branch="false"/>
            <line number="562" hits="1" branch="false"/>
            <line number="563" hits="1" branch="false"/>
            <line number="564" hits="1" branch="false"/>
            <line number="565" hits="1" branch="false"/>
            <line number="566" hits="1" branch="false"/>
            <line number="567" hits="1" branch="false"/>
            <line number="569" hits="1" branch="false"/>
            <line number="571" hits="1" branch="false"/>
            <line number="573" hits="1" branch="false"/>
            <line number="574" hits="1" branch="false"/>
            <line number="576" hits="1" branch="false"/>
            <line number="577" hits="0" branch="false"/>
            <line number="579" hits="1" branch="false"/>
            <line number="580" hits="1" branch="false"/>
            <line number="583" hits="1" branch="false"/>
            <line number="585" hits="1" branch="false"/>
            <line number="586" hits="1" branch="false"/>
            <line number="588" hits="1" branch="false"/>
            <line number="589" hits="200" branch="false"/>
            <line number="590" hits="200" branch="false"/>
            <line number="591" hits="200" branch="false"/>
            <line number="592" hits="200" branch="false"/>
            <line number="593" hits="0" branch="false"/>
            <line number="595" hits="200" branch="false"/>
            <line number="597" hits="200" branch="false"/>
            <line number="599" hits="0" branch="false"/>
            <line number="600" hits="0" branch="false"/>
            <line number="601" hits="0" branch="false"/>
            <line number="605" hits="1" branch="false"/>
            <line number="606" hits="1" branch="false"/>
          </lines>
        </class>
        <class name="evalZdensity.R" filename="R/evalZdensity.R" line-rate="0" branch-rate="0" complexity="0">
          <methods>
            <method name="evalZdensity" signature="" line-rate="0" branch-rate="0" complexity="0">
              <lines>
                <line number="60" hits="0" branch="false"/>
                <line number="61" hits="0" branch="false"/>
                <line number="65" hits="0" branch="false"/>
                <line number="66" hits="0" branch="false"/>
                <line number="67" hits="0" branch="false"/>
                <line number="68" hits="0" branch="false"/>
                <line number="69" hits="0" branch="false"/>
                <line number="70" hits="0" branch="false"/>
                <line number="71" hits="0" branch="false"/>
                <line number="74" hits="0" branch="false"/>
                <line number="77" hits="0" branch="false"/>
                <line number="78" hits="0" branch="false"/>
                <line number="79" hits="0" branch="false"/>
                <line number="80" hits="0" branch="false"/>
                <line number="86" hits="0" branch="false"/>
                <line number="87" hits="0" branch="false"/>
                <line number="88" hits="0" branch="false"/>
                <line number="89" hits="0" branch="false"/>
                <line number="90" hits="0" branch="false"/>
                <line number="91" hits="0" branch="false"/>
                <line number="94" hits="0" branch="false"/>
                <line number="95" hits="0" branch="false"/>
                <line number="96" hits="0" branch="false"/>
                <line number="97" hits="0" branch="false"/>
                <line number="98" hits="0" branch="false"/>
                <line number="99" hits="0" branch="false"/>
                <line number="100" hits="0" branch="false"/>
                <line number="101" hits="0" branch="false"/>
                <line number="104" hits="0" branch="false"/>
              </lines>
            </method>
          </methods>
          <lines>
            <line number="60" hits="0" branch="false"/>
            <line number="61" hits="0" branch="false"/>
            <line number="65" hits="0" branch="false"/>
            <line number="66" hits="0" branch="false"/>
            <line number="67" hits="0" branch="false"/>
            <line number="68" hits="0" branch="false"/>
            <line number="69" hits="0" branch="false"/>
            <line number="70" hits="0" branch="false"/>
            <line number="71" hits="0" branch="false"/>
            <line number="74" hits="0" branch="false"/>
            <line number="77" hits="0" branch="false"/>
            <line number="78" hits="0" branch="false"/>
            <line number="79" hits="0" branch="false"/>
            <line number="80" hits="0" branch="false"/>
            <line number="86" hits="0" branch="false"/>
            <line number="87" hits="0" branch="false"/>
            <line number="88" hits="0" branch="false"/>
            <line number="89" hits="0" branch="false"/>
            <line number="90" hits="0" branch="false"/>
            <line number="91" hits="0" branch="false"/>
            <line number="94" hits="0" branch="false"/>
            <line number="95" hits="0" branch="false"/>
            <line number="96" hits="0" branch="false"/>
            <line number="97" hits="0" branch="false"/>
            <line number="98" hits="0" branch="false"/>
            <line number="99" hits="0" branch="false"/>
            <line number="100" hits="0" branch="false"/>
            <line number="101" hits="0" branch="false"/>
            <line number="104" hits="0" branch="false"/>
          </lines>
        </class>
        <class name="formula.R" filename="R/formula.R" line-rate="1" branch-rate="0" complexity="0">
          <methods>
            <method name="bfp" signature="" line-rate="1" branch-rate="0" complexity="0">
              <lines>
                <line number="36" hits="29" branch="false"/>
                <line number="37" hits="29" branch="false"/>
                <line number="38" hits="29" branch="false"/>
                <line number="39" hits="29" branch="false"/>
                <line number="40" hits="29" branch="false"/>
              </lines>
            </method>
            <method name="uc" signature="" line-rate="1" branch-rate="0" complexity="0">
              <lines>
                <line number="57" hits="54" branch="false"/>
                <line number="58" hits="54" branch="false"/>
              </lines>
            </method>
          </methods>
          <lines>
            <line number="36" hits="29" branch="false"/>
            <line number="37" hits="29" branch="false"/>
            <line number="38" hits="29" branch="false"/>
            <line number="39" hits="29" branch="false"/>
            <line number="40" hits="29" branch="false"/>
            <line number="57" hits="54" branch="false"/>
            <line number="58" hits="54" branch="false"/>
          </lines>
        </class>
        <class name="fpScale.R" filename="R/fpScale.R" line-rate="1" branch-rate="0" complexity="0">
          <methods>
            <method name="fpScale" signature="" line-rate="1" branch-rate="0" complexity="0">
              <lines>
                <line number="27" hits="29" branch="false"/>
                <line number="28" hits="29" branch="false"/>
                <line number="31" hits="29" branch="false"/>
                <line number="33" hits="29" branch="false"/>
                <line number="34" hits="29" branch="false"/>
                <line number="35" hits="5" branch="false"/>
                <line number="36" hits="5" branch="false"/>
                <line number="37" hits="5" branch="false"/>
                <line number="39" hits="29" branch="false"/>
                <line number="40" hits="29" branch="false"/>
                <line number="42" hits="29" branch="false"/>
              </lines>
            </method>
          </methods>
          <lines>
            <line number="27" hits="29" branch="false"/>
            <line number="28" hits="29" branch="false"/>
            <line number="31" hits="29" branch="false"/>
            <line number="33" hits="29" branch="false"/>
            <line number="34" hits="29" branch="false"/>
            <line number="35" hits="5" branch="false"/>
            <line number="36" hits="5" branch="false"/>
            <line number="37" hits="5" branch="false"/>
            <line number="39" hits="29" branch="false"/>
            <line number="40" hits="29" branch="false"/>
            <line number="42" hits="29" branch="false"/>
          </lines>
        </class>
        <class name="fpTrans.R" filename="R/fpTrans.R" line-rate="0" branch-rate="0" complexity="0">
          <methods>
            <method name="fpTrans" signature="" line-rate="0" branch-rate="0" complexity="0">
              <lines>
                <line number="33" hits="0" branch="false"/>
                <line number="35" hits="0" branch="false"/>
                <line number="37" hits="0" branch="false"/>
                <line number="38" hits="0" branch="false"/>
                <line number="39" hits="0" branch="false"/>
                <line number="40" hits="0" branch="false"/>
                <line number="41" hits="0" branch="false"/>
                <line number="42" hits="0" branch="false"/>
                <line number="44" hits="0" branch="false"/>
                <line number="46" hits="0" branch="false"/>
                <line number="48" hits="0" branch="false"/>
                <line number="52" hits="0" branch="false"/>
                <line number="53" hits="0" branch="false"/>
              </lines>
            </method>
          </methods>
          <lines>
            <line number="33" hits="0" branch="false"/>
            <line number="35" hits="0" branch="false"/>
            <line number="37" hits="0" branch="false"/>
            <line number="38" hits="0" branch="false"/>
            <line number="39" hits="0" branch="false"/>
            <line number="40" hits="0" branch="false"/>
            <line number="41" hits="0" branch="false"/>
            <line number="42" hits="0" branch="false"/>
            <line number="44" hits="0" branch="false"/>
            <line number="46" hits="0" branch="false"/>
            <line number="48" hits="0" branch="false"/>
            <line number="52" hits="0" branch="false"/>
            <line number="53" hits="0" branch="false"/>
          </lines>
        </class>
        <class name="getDesignMatrix.R" filename="R/getDesignMatrix.R" line-rate="0.859649122807018" branch-rate="0" complexity="0">
          <methods>
            <method name="getDesignMatrix" signature="" line-rate="0.859649122807018" branch-rate="0" complexity="0">
              <lines>
                <line number="39" hits="66" branch="false"/>
                <line number="42" hits="66" branch="false"/>
                <line number="43" hits="66" branch="false"/>
                <line number="44" hits="66" branch="false"/>
                <line number="47" hits="66" branch="false"/>
                <line number="50" hits="66" branch="false"/>
                <line number="51" hits="66" branch="false"/>
                <line number="52" hits="66" branch="false"/>
                <line number="57" hits="66" branch="false"/>
                <line number="61" hits="66" branch="false"/>
                <line number="62" hits="66" branch="false"/>
                <line number="64" hits="66" branch="false"/>
                <line number="67" hits="66" branch="false"/>
                <line number="70" hits="66" branch="false"/>
                <line number="71" hits="66" branch="false"/>
                <line number="72" hits="1" branch="false"/>
                <line number="73" hits="66" branch="false"/>
                <line number="74" hits="65" branch="false"/>
                <line number="75" hits="66" branch="false"/>
                <line number="77" hits="66" branch="false"/>
                <line number="78" hits="66" branch="false"/>
                <line number="79" hits="66" branch="false"/>
                <line number="80" hits="66" branch="false"/>
                <line number="81" hits="66" branch="false"/>
                <line number="84" hits="66" branch="false"/>
                <line number="86" hits="66" branch="false"/>
                <line number="88" hits="1" branch="false"/>
                <line number="89" hits="1" branch="false"/>
                <line number="93" hits="66" branch="false"/>
                <line number="94" hits="39" branch="false"/>
                <line number="95" hits="39" branch="false"/>
                <line number="96" hits="12" branch="false"/>
                <line number="97" hits="12" branch="false"/>
                <line number="99" hits="12" branch="false"/>
                <line number="100" hits="12" branch="false"/>
                <line number="102" hits="12" branch="false"/>
                <line number="107" hits="66" branch="false"/>
                <line number="108" hits="57" branch="false"/>
                <line number="109" hits="53" branch="false"/>
                <line number="110" hits="4" branch="false"/>
                <line number="111" hits="4" branch="false"/>
                <line number="113" hits="57" branch="false"/>
                <line number="115" hits="57" branch="false"/>
                <line number="116" hits="57" branch="false"/>
                <line number="118" hits="57" branch="false"/>
                <line number="123" hits="66" branch="false"/>
                <line number="124" hits="0" branch="false"/>
                <line number="125" hits="0" branch="false"/>
                <line number="126" hits="0" branch="false"/>
                <line number="127" hits="0" branch="false"/>
                <line number="130" hits="0" branch="false"/>
                <line number="131" hits="0" branch="false"/>
                <line number="132" hits="0" branch="false"/>
                <line number="134" hits="0" branch="false"/>
                <line number="138" hits="66" branch="false"/>
                <line number="139" hits="66" branch="false"/>
                <line number="142" hits="66" branch="false"/>
              </lines>
            </method>
          </methods>
          <lines>
            <line number="39" hits="66" branch="false"/>
            <line number="42" hits="66" branch="false"/>
            <line number="43" hits="66" branch="false"/>
            <line number="44" hits="66" branch="false"/>
            <line number="47" hits="66" branch="false"/>
            <line number="50" hits="66" branch="false"/>
            <line number="51" hits="66" branch="false"/>
            <line number="52" hits="66" branch="false"/>
            <line number="57" hits="66" branch="false"/>
            <line number="61" hits="66" branch="false"/>
            <line number="62" hits="66" branch="false"/>
            <line number="64" hits="66" branch="false"/>
            <line number="67" hits="66" branch="false"/>
            <line number="70" hits="66" branch="false"/>
            <line number="71" hits="66" branch="false"/>
            <line number="72" hits="1" branch="false"/>
            <line number="73" hits="66" branch="false"/>
            <line number="74" hits="65" branch="false"/>
            <line number="75" hits="66" branch="false"/>
            <line number="77" hits="66" branch="false"/>
            <line number="78" hits="66" branch="false"/>
            <line number="79" hits="66" branch="false"/>
            <line number="80" hits="66" branch="false"/>
            <line number="81" hits="66" branch="false"/>
            <line number="84" hits="66" branch="false"/>
            <line number="86" hits="66" branch="false"/>
            <line number="88" hits="1" branch="false"/>
            <line number="89" hits="1" branch="false"/>
            <line number="93" hits="66" branch="false"/>
            <line number="94" hits="39" branch="false"/>
            <line number="95" hits="39" branch="false"/>
            <line number="96" hits="12" branch="false"/>
            <line number="97" hits="12" branch="false"/>
            <line number="99" hits="12" branch="false"/>
            <line number="100" hits="12" branch="false"/>
            <line number="102" hits="12" branch="false"/>
            <line number="107" hits="66" branch="false"/>
            <line number="108" hits="57" branch="false"/>
            <line number="109" hits="53" branch="false"/>
            <line number="110" hits="4" branch="false"/>
            <line number="111" hits="4" branch="false"/>
            <line number="113" hits="57" branch="false"/>
            <line number="115" hits="57" branch="false"/>
            <line number="116" hits="57" branch="false"/>
            <line number="118" hits="57" branch="false"/>
            <line number="123" hits="66" branch="false"/>
            <line number="124" hits="0" branch="false"/>
            <line number="125" hits="0" branch="false"/>
            <line number="126" hits="0" branch="false"/>
            <line number="127" hits="0" branch="false"/>
            <line number="130" hits="0" branch="false"/>
            <line number="131" hits="0" branch="false"/>
            <line number="132" hits="0" branch="false"/>
            <line number="134" hits="0" branch="false"/>
            <line number="138" hits="66" branch="false"/>
            <line number="139" hits="66" branch="false"/>
            <line number="142" hits="66" branch="false"/>
          </lines>
        </class>
        <class name="getFamily.R" filename="R/getFamily.R" line-rate="0.48780487804878" branch-rate="0" complexity="0">
          <methods>
            <method name="getFamily" signature="" line-rate="0.48780487804878" branch-rate="0" complexity="0">
              <lines>
                <line number="43" hits="14" branch="false"/>
                <line number="44" hits="0" branch="false"/>
                <line number="48" hits="14" branch="false"/>
                <line number="49" hits="14" branch="false"/>
                <line number="50" hits="14" branch="false"/>
                <line number="51" hits="14" branch="false"/>
                <line number="52" hits="14" branch="false"/>
                <line number="57" hits="14" branch="false"/>
                <line number="58" hits="0" branch="false"/>
                <line number="61" hits="14" branch="false"/>
                <line number="62" hits="11" branch="false"/>
                <line number="65" hits="14" branch="false"/>
                <line number="66" hits="14" branch="false"/>
                <line number="67" hits="14" branch="false"/>
                <line number="68" hits="14" branch="false"/>
                <line number="69" hits="14" branch="false"/>
                <line number="70" hits="14" branch="false"/>
                <line number="71" hits="14" branch="false"/>
                <line number="79" hits="14" branch="false"/>
                <line number="80" hits="3" branch="false"/>
                <line number="81" hits="3" branch="false"/>
                <line number="82" hits="3" branch="false"/>
                <line number="84" hits="0" branch="false"/>
                <line number="85" hits="0" branch="false"/>
                <line number="86" hits="0" branch="false"/>
                <line number="87" hits="0" branch="false"/>
                <line number="90" hits="0" branch="false"/>
                <line number="91" hits="0" branch="false"/>
                <line number="92" hits="0" branch="false"/>
                <line number="93" hits="0" branch="false"/>
                <line number="94" hits="0" branch="false"/>
                <line number="95" hits="3" branch="false"/>
                <line number="96" hits="11" branch="false"/>
                <line number="97" hits="11" branch="false"/>
                <line number="98" hits="11" branch="false"/>
                <line number="99" hits="11" branch="false"/>
                <line number="100" hits="0" branch="false"/>
                <line number="101" hits="0" branch="false"/>
                <line number="102" hits="0" branch="false"/>
                <line number="103" hits="0" branch="false"/>
                <line number="104" hits="0" branch="false"/>
                <line number="105" hits="11" branch="false"/>
                <line number="106" hits="0" branch="false"/>
                <line number="107" hits="0" branch="false"/>
                <line number="108" hits="0" branch="false"/>
                <line number="109" hits="0" branch="false"/>
                <line number="111" hits="0" branch="false"/>
                <line number="112" hits="0" branch="false"/>
                <line number="113" hits="0" branch="false"/>
                <line number="114" hits="0" branch="false"/>
                <line number="115" hits="0" branch="false"/>
                <line number="117" hits="0" branch="false"/>
                <line number="118" hits="0" branch="false"/>
                <line number="119" hits="0" branch="false"/>
                <line number="120" hits="0" branch="false"/>
                <line number="121" hits="0" branch="false"/>
                <line number="126" hits="14" branch="false"/>
                <line number="127" hits="0" branch="false"/>
                <line number="128" hits="0" branch="false"/>
                <line number="129" hits="0" branch="false"/>
                <line number="130" hits="0" branch="false"/>
                <line number="131" hits="0" branch="false"/>
                <line number="132" hits="0" branch="false"/>
                <line number="136" hits="14" branch="false"/>
                <line number="137" hits="0" branch="false"/>
                <line number="138" hits="0" branch="false"/>
                <line number="139" hits="0" branch="false"/>
                <line number="140" hits="0" branch="false"/>
                <line number="141" hits="0" branch="false"/>
                <line number="142" hits="0" branch="false"/>
                <line number="147" hits="14" branch="false"/>
                <line number="148" hits="14" branch="false"/>
                <line number="149" hits="14" branch="false"/>
                <line number="153" hits="14" branch="false"/>
                <line number="157" hits="14" branch="false"/>
                <line number="160" hits="14" branch="false"/>
                <line number="161" hits="14" branch="false"/>
                <line number="162" hits="14" branch="false"/>
                <line number="163" hits="14" branch="false"/>
                <line number="164" hits="14" branch="false"/>
                <line number="166" hits="14" branch="false"/>
                <line number="168" hits="14" branch="false"/>
              </lines>
            </method>
          </methods>
          <lines>
            <line number="43" hits="14" branch="false"/>
            <line number="44" hits="0" branch="false"/>
            <line number="48" hits="14" branch="false"/>
            <line number="49" hits="14" branch="false"/>
            <line number="50" hits="14" branch="false"/>
            <line number="51" hits="14" branch="false"/>
            <line number="52" hits="14" branch="false"/>
            <line number="57" hits="14" branch="false"/>
            <line number="58" hits="0" branch="false"/>
            <line number="61" hits="14" branch="false"/>
            <line number="62" hits="11" branch="false"/>
            <line number="65" hits="14" branch="false"/>
            <line number="66" hits="14" branch="false"/>
            <line number="67" hits="14" branch="false"/>
            <line number="68" hits="14" branch="false"/>
            <line number="69" hits="14" branch="false"/>
            <line number="70" hits="14" branch="false"/>
            <line number="71" hits="14" branch="false"/>
            <line number="79" hits="14" branch="false"/>
            <line number="80" hits="3" branch="false"/>
            <line number="81" hits="3" branch="false"/>
            <line number="82" hits="3" branch="false"/>
            <line number="84" hits="0" branch="false"/>
            <line number="85" hits="0" branch="false"/>
            <line number="86" hits="0" branch="false"/>
            <line number="87" hits="0" branch="false"/>
            <line number="90" hits="0" branch="false"/>
            <line number="91" hits="0" branch="false"/>
            <line number="92" hits="0" branch="false"/>
            <line number="93" hits="0" branch="false"/>
            <line number="94" hits="0" branch="false"/>
            <line number="95" hits="3" branch="false"/>
            <line number="96" hits="11" branch="false"/>
            <line number="97" hits="11" branch="false"/>
            <line number="98" hits="11" branch="false"/>
            <line number="99" hits="11" branch="false"/>
            <line number="100" hits="0" branch="false"/>
            <line number="101" hits="0" branch="false"/>
            <line number="102" hits="0" branch="false"/>
            <line number="103" hits="0" branch="false"/>
            <line number="104" hits="0" branch="false"/>
            <line number="105" hits="11" branch="false"/>
            <line number="106" hits="0" branch="false"/>
            <line number="107" hits="0" branch="false"/>
            <line number="108" hits="0" branch="false"/>
            <line number="109" hits="0" branch="false"/>
            <line number="111" hits="0" branch="false"/>
            <line number="112" hits="0" branch="false"/>
            <line number="113" hits="0" branch="false"/>
            <line number="114" hits="0" branch="false"/>
            <line number="115" hits="0" branch="false"/>
            <line number="117" hits="0" branch="false"/>
            <line number="118" hits="0" branch="false"/>
            <line number="119" hits="0" branch="false"/>
            <line number="120" hits="0" branch="false"/>
            <line number="121" hits="0" branch="false"/>
            <line number="126" hits="14" branch="false"/>
            <line number="127" hits="0" branch="false"/>
            <line number="128" hits="0" branch="false"/>
            <line number="129" hits="0" branch="false"/>
            <line number="130" hits="0" branch="false"/>
            <line number="131" hits="0" branch="false"/>
            <line number="132" hits="0" branch="false"/>
            <line number="136" hits="14" branch="false"/>
            <line number="137" hits="0" branch="false"/>
            <line number="138" hits="0" branch="false"/>
            <line number="139" hits="0" branch="false"/>
            <line number="140" hits="0" branch="false"/>
            <line number="141" hits="0" branch="false"/>
            <line number="142" hits="0" branch="false"/>
            <line number="147" hits="14" branch="false"/>
            <line number="148" hits="14" branch="false"/>
            <line number="149" hits="14" branch="false"/>
            <line number="153" hits="14" branch="false"/>
            <line number="157" hits="14" branch="false"/>
            <line number="160" hits="14" branch="false"/>
            <line number="161" hits="14" branch="false"/>
            <line number="162" hits="14" branch="false"/>
            <line number="163" hits="14" branch="false"/>
            <line number="164" hits="14" branch="false"/>
            <line number="166" hits="14" branch="false"/>
            <line number="168" hits="14" branch="false"/>
          </lines>
        </class>
        <class name="getFpTransforms.R" filename="R/getFpTransforms.R" line-rate="0.684210526315789" branch-rate="0" complexity="0">
          <methods>
            <method name="%bt%" signature="" line-rate="1" branch-rate="0" complexity="0">
              <lines>
                <line number="32" hits="18" branch="false"/>
                <line number="33" hits="18" branch="false"/>
                <line number="34" hits="18" branch="false"/>
                <line number="35" hits="18" branch="false"/>
                <line number="36" hits="18" branch="false"/>
                <line number="39" hits="18" branch="false"/>
                <line number="40" hits="16" branch="false"/>
                <line number="42" hits="2" branch="false"/>
              </lines>
            </method>
            <method name="getFpTransforms" signature="" line-rate="0.63265306122449" branch-rate="0" complexity="0">
              <lines>
                <line number="62" hits="18" branch="false"/>
                <line number="64" hits="18" branch="false"/>
                <line number="65" hits="18" branch="false"/>
                <line number="66" hits="18" branch="false"/>
                <line number="67" hits="18" branch="false"/>
                <line number="70" hits="18" branch="false"/>
                <line number="71" hits="16" branch="false"/>
                <line number="72" hits="18" branch="false"/>
                <line number="73" hits="2" branch="false"/>
                <line number="74" hits="18" branch="false"/>
                <line number="75" hits="18" branch="false"/>
                <line number="78" hits="18" branch="false"/>
                <line number="79" hits="18" branch="false"/>
                <line number="80" hits="18" branch="false"/>
                <line number="81" hits="18" branch="false"/>
                <line number="84" hits="18" branch="false"/>
                <line number="85" hits="18" branch="false"/>
                <line number="90" hits="18" branch="false"/>
                <line number="93" hits="18" branch="false"/>
                <line number="96" hits="18" branch="false"/>
                <line number="99" hits="18" branch="false"/>
                <line number="102" hits="18" branch="false"/>
                <line number="104" hits="0" branch="false"/>
                <line number="107" hits="0" branch="false"/>
                <line number="110" hits="0" branch="false"/>
                <line number="111" hits="0" branch="false"/>
                <line number="113" hits="0" branch="false"/>
                <line number="114" hits="0" branch="false"/>
                <line number="115" hits="0" branch="false"/>
                <line number="116" hits="0" branch="false"/>
                <line number="117" hits="0" branch="false"/>
                <line number="119" hits="0" branch="false"/>
                <line number="120" hits="0" branch="false"/>
                <line number="121" hits="0" branch="false"/>
                <line number="122" hits="0" branch="false"/>
                <line number="124" hits="0" branch="false"/>
                <line number="125" hits="0" branch="false"/>
                <line number="126" hits="0" branch="false"/>
                <line number="128" hits="0" branch="false"/>
                <line number="129" hits="0" branch="false"/>
                <line number="134" hits="18" branch="false"/>
                <line number="137" hits="18" branch="false"/>
                <line number="140" hits="18" branch="false"/>
                <line number="141" hits="18" branch="false"/>
                <line number="145" hits="18" branch="false"/>
                <line number="149" hits="18" branch="false"/>
                <line number="150" hits="16" branch="false"/>
                <line number="154" hits="18" branch="false"/>
                <line number="157" hits="18" branch="false"/>
              </lines>
            </method>
          </methods>
          <lines>
            <line number="32" hits="18" branch="false"/>
            <line number="33" hits="18" branch="false"/>
            <line number="34" hits="18" branch="false"/>
            <line number="35" hits="18" branch="false"/>
            <line number="36" hits="18" branch="false"/>
            <line number="39" hits="18" branch="false"/>
            <line number="40" hits="16" branch="false"/>
            <line number="42" hits="2" branch="false"/>
            <line number="62" hits="18" branch="false"/>
            <line number="64" hits="18" branch="false"/>
            <line number="65" hits="18" branch="false"/>
            <line number="66" hits="18" branch="false"/>
            <line number="67" hits="18" branch="false"/>
            <line number="70" hits="18" branch="false"/>
            <line number="71" hits="16" branch="false"/>
            <line number="72" hits="18" branch="false"/>
            <line number="73" hits="2" branch="false"/>
            <line number="74" hits="18" branch="false"/>
            <line number="75" hits="18" branch="false"/>
            <line number="78" hits="18" branch="false"/>
            <line number="79" hits="18" branch="false"/>
            <line number="80" hits="18" branch="false"/>
            <line number="81" hits="18" branch="false"/>
            <line number="84" hits="18" branch="false"/>
            <line number="85" hits="18" branch="false"/>
            <line number="90" hits="18" branch="false"/>
            <line number="93" hits="18" branch="false"/>
            <line number="96" hits="18" branch="false"/>
            <line number="99" hits="18" branch="false"/>
            <line number="102" hits="18" branch="false"/>
            <line number="104" hits="0" branch="false"/>
            <line number="107" hits="0" branch="false"/>
            <line number="110" hits="0" branch="false"/>
            <line number="111" hits="0" branch="false"/>
            <line number="113" hits="0" branch="false"/>
            <line number="114" hits="0" branch="false"/>
            <line number="115" hits="0" branch="false"/>
            <line number="116" hits="0" branch="false"/>
            <line number="117" hits="0" branch="false"/>
            <line number="119" hits="0" branch="false"/>
            <line number="120" hits="0" branch="false"/>
            <line number="121" hits="0" branch="false"/>
            <line number="122" hits="0" branch="false"/>
            <line number="124" hits="0" branch="false"/>
            <line number="125" hits="0" branch="false"/>
            <line number="126" hits="0" branch="false"/>
            <line number="128" hits="0" branch="false"/>
            <line number="129" hits="0" branch="false"/>
            <line number="134" hits="18" branch="false"/>
            <line number="137" hits="18" branch="false"/>
            <line number="140" hits="18" branch="false"/>
            <line number="141" hits="18" branch="false"/>
            <line number="145" hits="18" branch="false"/>
            <line number="149" hits="18" branch="false"/>
            <line number="150" hits="16" branch="false"/>
            <line number="154" hits="18" branch="false"/>
            <line number="157" hits="18" branch="false"/>
          </lines>
        </class>
        <class name="getLogGPrior.R" filename="R/getLogGPrior.R" line-rate="0" branch-rate="0" complexity="0">
          <methods>
            <method name="getLogGPrior" signature="" line-rate="0" branch-rate="0" complexity="0">
              <lines>
                <line number="31" hits="0" branch="false"/>
                <line number="33" hits="0" branch="false"/>
                <line number="34" hits="0" branch="false"/>
                <line number="35" hits="0" branch="false"/>
                <line number="38" hits="0" branch="false"/>
                <line number="39" hits="0" branch="false"/>
                <line number="40" hits="0" branch="false"/>
                <line number="41" hits="0" branch="false"/>
                <line number="45" hits="0" branch="false"/>
                <line number="46" hits="0" branch="false"/>
                <line number="47" hits="0" branch="false"/>
                <line number="49" hits="0" branch="false"/>
[...]
            <line number="620" hits="2" branch="false"/>
            <line number="623" hits="0" branch="false"/>
            <line number="629" hits="0" branch="false"/>
            <line number="630" hits="0" branch="false"/>
            <line number="633" hits="0" branch="false"/>
            <line number="639" hits="0" branch="false"/>
            <line number="640" hits="0" branch="false"/>
            <line number="645" hits="0" branch="false"/>
            <line number="646" hits="0" branch="false"/>
            <line number="647" hits="0" branch="false"/>
            <line number="651" hits="2" branch="false"/>
            <line number="656" hits="80" branch="false"/>
            <line number="657" hits="80" branch="false"/>
            <line number="658" hits="80" branch="false"/>
            <line number="661" hits="80" branch="false"/>
            <line number="663" hits="0" branch="false"/>
            <line number="668" hits="80" branch="false"/>
            <line number="671" hits="80" branch="false"/>
            <line number="675" hits="80" branch="false"/>
            <line number="677" hits="0" branch="false"/>
            <line number="678" hits="0" branch="false"/>
            <line number="679" hits="0" branch="false"/>
            <line number="684" hits="0" branch="false"/>
            <line number="685" hits="160" branch="false"/>
            <line number="686" hits="80" branch="false"/>
            <line number="691" hits="80" branch="false"/>
            <line number="693" hits="0" branch="false"/>
            <line number="694" hits="0" branch="false"/>
            <line number="695" hits="0" branch="false"/>
            <line number="699" hits="80" branch="false"/>
            <line number="703" hits="80" branch="false"/>
            <line number="705" hits="0" branch="false"/>
            <line number="706" hits="0" branch="false"/>
            <line number="707" hits="0" branch="false"/>
            <line number="711" hits="80" branch="false"/>
            <line number="712" hits="80" branch="false"/>
            <line number="716" hits="82" branch="false"/>
            <line number="719" hits="82" branch="false"/>
            <line number="726" hits="82" branch="false"/>
            <line number="728" hits="0" branch="false"/>
            <line number="730" hits="0" branch="false"/>
            <line number="734" hits="0" branch="false"/>
            <line number="740" hits="162682" branch="false"/>
            <line number="743" hits="162600" branch="false"/>
            <line number="745" hits="0" branch="false"/>
            <line number="754" hits="162600" branch="false"/>
            <line number="756" hits="162600" branch="false"/>
            <line number="758" hits="160600" branch="false"/>
            <line number="762" hits="0" branch="false"/>
            <line number="763" hits="0" branch="false"/>
            <line number="767" hits="0" branch="false"/>
            <line number="768" hits="0" branch="false"/>
            <line number="775" hits="160600" branch="false"/>
            <line number="777" hits="160600" branch="false"/>
            <line number="780" hits="160600" branch="false"/>
            <line number="786" hits="160600" branch="false"/>
            <line number="797" hits="321200" branch="false"/>
            <line number="802" hits="160600" branch="false"/>
            <line number="803" hits="321200" branch="false"/>
            <line number="806" hits="160600" branch="false"/>
            <line number="807" hits="160600" branch="false"/>
            <line number="808" hits="160600" branch="false"/>
            <line number="814" hits="2000" branch="false"/>
            <line number="819" hits="2000" branch="false"/>
            <line number="822" hits="4000" branch="false"/>
            <line number="823" hits="2000" branch="false"/>
            <line number="826" hits="2000" branch="false"/>
            <line number="833" hits="2000" branch="false"/>
            <line number="836" hits="2000" branch="false"/>
            <line number="843" hits="2000" branch="false"/>
            <line number="851" hits="2000" branch="false"/>
            <line number="854" hits="2000" branch="false"/>
            <line number="857" hits="2000" branch="false"/>
            <line number="863" hits="2000" branch="false"/>
            <line number="869" hits="2000" branch="false"/>
            <line number="871" hits="2000" branch="false"/>
            <line number="873" hits="1650" branch="false"/>
            <line number="875" hits="1650" branch="false"/>
            <line number="879" hits="350" branch="false"/>
            <line number="881" hits="2000" branch="false"/>
            <line number="889" hits="162600" branch="false"/>
            <line number="890" hits="161600" branch="false"/>
            <line number="893" hits="160700" branch="false"/>
            <line number="895" hits="0" branch="false"/>
            <line number="899" hits="160700" branch="false"/>
            <line number="909" hits="160700" branch="false"/>
            <line number="912" hits="100" branch="false"/>
            <line number="914" hits="0" branch="false"/>
            <line number="922" hits="100" branch="false"/>
            <line number="923" hits="100" branch="false"/>
            <line number="925" hits="100" branch="false"/>
            <line number="929" hits="100" branch="false"/>
            <line number="931" hits="200" branch="false"/>
            <line number="932" hits="100" branch="false"/>
            <line number="935" hits="100" branch="false"/>
            <line number="938" hits="100" branch="false"/>
            <line number="942" hits="100" branch="false"/>
            <line number="945" hits="100" branch="false"/>
            <line number="948" hits="100" branch="false"/>
            <line number="951" hits="100" branch="false"/>
            <line number="955" hits="100" branch="false"/>
            <line number="957" hits="100" branch="false"/>
            <line number="964" hits="100" branch="false"/>
            <line number="966" hits="100" branch="false"/>
            <line number="969" hits="100" branch="false"/>
            <line number="971" hits="100" branch="false"/>
            <line number="975" hits="100" branch="false"/>
            <line number="977" hits="100" branch="false"/>
            <line number="980" hits="100" branch="false"/>
            <line number="982" hits="100" branch="false"/>
            <line number="985" hits="100" branch="false"/>
            <line number="986" hits="100" branch="false"/>
            <line number="993" hits="100" branch="false"/>
            <line number="995" hits="100" branch="false"/>
            <line number="1003" hits="162600" branch="false"/>
            <line number="1005" hits="0" branch="false"/>
            <line number="1008" hits="169164" branch="false"/>
            <line number="1009" hits="6564" branch="false"/>
            <line number="1012" hits="4764" branch="false"/>
            <line number="1020" hits="82" branch="false"/>
            <line number="1022" hits="0" branch="false"/>
            <line number="1024" hits="0" branch="false"/>
            <line number="1028" hits="0" branch="false"/>
            <line number="1037" hits="164" branch="false"/>
            <line number="1038" hits="164" branch="false"/>
            <line number="1039" hits="328" branch="false"/>
            <line number="1041" hits="82" branch="false"/>
          </lines>
        </class>
        <class name="sum.h" filename="src/sum.h" line-rate="0.537313432835821" branch-rate="0" complexity="0">
          <methods/>
          <lines>
            <line number="19" hits="73392" branch="false"/>
            <line number="21" hits="73392" branch="false"/>
            <line number="22" hits="1134192" branch="false"/>
            <line number="24" hits="1060800" branch="false"/>
            <line number="25" hits="1060800" branch="false"/>
            <line number="26" hits="1060800" branch="false"/>
            <line number="27" hits="1060800" branch="false"/>
            <line number="29" hits="73392" branch="false"/>
            <line number="44" hits="24464" branch="false"/>
            <line number="46" hits="24464" branch="false"/>
            <line number="47" hits="0" branch="false"/>
            <line number="50" hits="24464" branch="false"/>
            <line number="51" hits="24464" branch="false"/>
            <line number="52" hits="24464" branch="false"/>
            <line number="60" hits="24464" branch="false"/>
            <line number="61" hits="24464" branch="false"/>
            <line number="62" hits="554864" branch="false"/>
            <line number="63" hits="530400" branch="false"/>
            <line number="64" hits="530400" branch="false"/>
            <line number="65" hits="11088" branch="false"/>
            <line number="66" hits="519312" branch="false"/>
            <line number="67" hits="519312" branch="false"/>
            <line number="72" hits="0" branch="false"/>
            <line number="79" hits="24464" branch="false"/>
            <line number="80" hits="48928" branch="false"/>
            <line number="85" hits="0" branch="false"/>
            <line number="86" hits="0" branch="false"/>
            <line number="87" hits="0" branch="false"/>
            <line number="88" hits="0" branch="false"/>
            <line number="89" hits="0" branch="false"/>
            <line number="90" hits="0" branch="false"/>
            <line number="91" hits="0" branch="false"/>
            <line number="93" hits="0" branch="false"/>
            <line number="94" hits="0" branch="false"/>
            <line number="95" hits="0" branch="false"/>
            <line number="96" hits="0" branch="false"/>
            <line number="97" hits="0" branch="false"/>
            <line number="99" hits="0" branch="false"/>
            <line number="101" hits="0" branch="false"/>
            <line number="102" hits="0" branch="false"/>
            <line number="103" hits="0" branch="false"/>
            <line number="104" hits="0" branch="false"/>
            <line number="105" hits="0" branch="false"/>
            <line number="109" hits="0" branch="false"/>
            <line number="110" hits="0" branch="false"/>
            <line number="111" hits="0" branch="false"/>
            <line number="112" hits="0" branch="false"/>
            <line number="114" hits="0" branch="false"/>
            <line number="115" hits="0" branch="false"/>
            <line number="120" hits="24464" branch="false"/>
            <line number="121" hits="24464" branch="false"/>
            <line number="122" hits="24464" branch="false"/>
            <line number="123" hits="0" branch="false"/>
            <line number="125" hits="0" branch="false"/>
            <line number="126" hits="0" branch="false"/>
            <line number="127" hits="0" branch="false"/>
            <line number="128" hits="0" branch="false"/>
            <line number="131" hits="24464" branch="false"/>
            <line number="134" hits="24464" branch="false"/>
            <line number="135" hits="24464" branch="false"/>
            <line number="136" hits="24464" branch="false"/>
            <line number="139" hits="24464" branch="false"/>
            <line number="140" hits="24464" branch="false"/>
            <line number="142" hits="24464" branch="false"/>
            <line number="143" hits="24464" branch="false"/>
            <line number="145" hits="24464" branch="false"/>
            <line number="147" hits="24464" branch="false"/>
          </lines>
        </class>
        <class name="zdensity.cpp" filename="src/zdensity.cpp" line-rate="0.746031746031746" branch-rate="0" complexity="0">
          <methods/>
          <lines>
            <line number="11" hits="1535" branch="false"/>
            <line number="20" hits="1535" branch="false"/>
            <line number="21" hits="1535" branch="false"/>
            <line number="22" hits="1535" branch="false"/>
            <line number="23" hits="1535" branch="false"/>
            <line number="24" hits="1535" branch="false"/>
            <line number="25" hits="1535" branch="false"/>
            <line number="26" hits="1535" branch="false"/>
            <line number="27" hits="1535" branch="false"/>
            <line number="28" hits="1535" branch="false"/>
            <line number="29" hits="1535" branch="false"/>
            <line number="30" hits="1535" branch="false"/>
            <line number="32" hits="1535" branch="false"/>
            <line number="34" hits="96" branch="false"/>
            <line number="35" hits="96" branch="false"/>
            <line number="40" hits="96" branch="false"/>
            <line number="41" hits="192" branch="false"/>
            <line number="43" hits="96" branch="false"/>
            <line number="46" hits="0" branch="false"/>
            <line number="49" hits="0" branch="false"/>
            <line number="51" hits="0" branch="false"/>
            <line number="58" hits="2878" branch="false"/>
            <line number="59" hits="1439" branch="false"/>
            <line number="60" hits="2878" branch="false"/>
            <line number="61" hits="1439" branch="false"/>
            <line number="62" hits="1439" branch="false"/>
            <line number="63" hits="1439" branch="false"/>
            <line number="66" hits="1439" branch="false"/>
            <line number="69" hits="1439" branch="false"/>
            <line number="71" hits="0" branch="false"/>
            <line number="74" hits="1535" branch="false"/>
            <line number="78" hits="1237" branch="false"/>
            <line number="80" hits="1237" branch="false"/>
            <line number="82" hits="1237" branch="false"/>
            <line number="87" hits="1237" branch="false"/>
            <line number="89" hits="0" branch="false"/>
            <line number="90" hits="0" branch="false"/>
            <line number="91" hits="0" branch="false"/>
            <line number="94" hits="1237" branch="false"/>
            <line number="100" hits="63" branch="false"/>
            <line number="102" hits="63" branch="false"/>
            <line number="104" hits="63" branch="false"/>
            <line number="106" hits="63" branch="false"/>
            <line number="108" hits="50" branch="false"/>
            <line number="109" hits="50" branch="false"/>
            <line number="111" hits="50" branch="false"/>
            <line number="115" hits="13" branch="false"/>
            <line number="116" hits="13" branch="false"/>
            <line number="119" hits="0" branch="false"/>
            <line number="120" hits="0" branch="false"/>
            <line number="121" hits="0" branch="false"/>
            <line number="124" hits="63" branch="false"/>
            <line number="129" hits="170283" branch="false"/>
            <line number="132" hits="170283" branch="false"/>
            <line number="135" hits="170283" branch="false"/>
            <line number="137" hits="0" branch="false"/>
            <line number="141" hits="170283" branch="false"/>
            <line number="143" hits="0" branch="false"/>
            <line number="144" hits="0" branch="false"/>
            <line number="145" hits="0" branch="false"/>
            <line number="149" hits="170283" branch="false"/>
            <line number="152" hits="170283" branch="false"/>
            <line number="154" hits="160641" branch="false"/>
            <line number="156" hits="0" branch="false"/>
            <line number="159" hits="160641" branch="false"/>
            <line number="163" hits="160641" branch="false"/>
            <line number="166" hits="139" branch="false"/>
            <line number="171" hits="160502" branch="false"/>
            <line number="172" hits="160502" branch="false"/>
            <line number="177" hits="9642" branch="false"/>
            <line number="179" hits="0" branch="false"/>
            <line number="186" hits="9642" branch="false"/>
            <line number="191" hits="9642" branch="false"/>
            <line number="193" hits="0" branch="false"/>
            <line number="194" hits="0" branch="false"/>
            <line number="196" hits="0" branch="false"/>
            <line number="199" hits="0" branch="false"/>
            <line number="201" hits="0" branch="false"/>
            <line number="207" hits="9642" branch="false"/>
            <line number="209" hits="0" branch="false"/>
            <line number="213" hits="9642" branch="false"/>
            <line number="216" hits="19284" branch="false"/>
            <line number="217" hits="9642" branch="false"/>
            <line number="219" hits="9642" branch="false"/>
            <line number="228" hits="9642" branch="false"/>
            <line number="233" hits="9642" branch="false"/>
            <line number="234" hits="9642" branch="false"/>
            <line number="237" hits="19284" branch="false"/>
            <line number="240" hits="9642" branch="false"/>
            <line number="243" hits="5139186" branch="false"/>
            <line number="247" hits="10259088" branch="false"/>
            <line number="251" hits="5129544" branch="false"/>
            <line number="253" hits="5129544" branch="false"/>
            <line number="254" hits="5129544" branch="false"/>
            <line number="255" hits="5129544" branch="false"/>
            <line number="256" hits="5129544" branch="false"/>
            <line number="258" hits="0" branch="false"/>
            <line number="260" hits="0" branch="false"/>
            <line number="261" hits="0" branch="false"/>
            <line number="262" hits="0" branch="false"/>
            <line number="266" hits="0" branch="false"/>
            <line number="270" hits="10259088" branch="false"/>
            <line number="271" hits="5129544" branch="false"/>
            <line number="272" hits="5129544" branch="false"/>
            <line number="273" hits="5129544" branch="false"/>
            <line number="275" hits="5129544" branch="false"/>
            <line number="276" hits="5129544" branch="false"/>
            <line number="277" hits="10259088" branch="false"/>
            <line number="278" hits="5129544" branch="false"/>
            <line number="281" hits="9642" branch="false"/>
            <line number="282" hits="9642" branch="false"/>
            <line number="285" hits="9642" branch="false"/>
            <line number="286" hits="9642" branch="false"/>
            <line number="287" hits="9642" branch="false"/>
            <line number="289" hits="9642" branch="false"/>
            <line number="291" hits="0" branch="false"/>
            <line number="294" hits="9642" branch="false"/>
            <line number="297" hits="9642" branch="false"/>
            <line number="299" hits="0" branch="false"/>
            <line number="302" hits="9642" branch="false"/>
            <line number="305" hits="9642" branch="false"/>
            <line number="307" hits="0" branch="false"/>
            <line number="308" hits="0" branch="false"/>
            <line number="309" hits="0" branch="false"/>
            <line number="311" hits="9642" branch="false"/>
            <line number="330" hits="170283" branch="false"/>
          </lines>
        </class>
        <class name="zdensity.h" filename="src/zdensity.h" line-rate="1" branch-rate="0" complexity="0">
          <methods/>
          <lines>
            <line number="48" hits="15350" branch="false"/>
            <line number="50" hits="15350" branch="false"/>
            <line number="54" hits="4605" branch="false"/>
            <line number="55" hits="4605" branch="false"/>
            <line number="56" hits="4605" branch="false"/>
            <line number="57" hits="4605" branch="false"/>
            <line number="58" hits="4605" branch="false"/>
          </lines>
        </class>
      </classes>
    </package>
  </packages>
</coverage>
